<?xml version="1.0" encoding="UTF-8"?>
<!-- Generated by org.testng.reporters.JUnitReportReporter -->
<testsuite skipped="5" hostname="DESKTOP-JF602DO" name="FuntionalTestCases.Sprint_1" tests="6" failures="0" timestamp="18 Jun 2020 18:42:11 GMT" time="23.226" errors="0">
  <testcase name="TC04" time="23.226" classname="FuntionalTestCases.Sprint_1"/>
  <testcase name="TC01" classname="FuntionalTestCases.Sprint_1">
    <skipped/>
  </testcase> <!-- TC01 -->
  <testcase name="TC05" classname="FuntionalTestCases.Sprint_1">
    <skipped/>
  </testcase> <!-- TC05 -->
  <testcase name="TC03" classname="FuntionalTestCases.Sprint_1">
    <skipped/>
  </testcase> <!-- TC03 -->
  <testcase name="TC02" classname="FuntionalTestCases.Sprint_1">
    <skipped/>
  </testcase> <!-- TC02 -->
  <testcase name="TC06" classname="FuntionalTestCases.Sprint_1">
    <skipped/>
  </testcase> <!-- TC06 -->
</testsuite> <!-- FuntionalTestCases.Sprint_1 -->
